<?xml version="1.0" encoding="UTF-8"?>
<!-- Generated by org.testng.reporters.JUnitReportReporter -->
<testsuite hostname="OITS-2100227" failures="0" tests="1" name="com.eCommerce.testCases.T2" time="0.012" errors="0" timestamp="2025-01-21T12:25:56 IST" skipped="0">
  <testcase classname="com.eCommerce.testCases.T2" name="v" time="0.012"/>
</testsuite> <!-- com.eCommerce.testCases.T2 -->
