<?xml version="1.0" encoding="UTF-8"?>
<!-- Generated by org.testng.reporters.JUnitReportReporter -->
<testsuite hostname="OITS-2100227" failures="0" tests="1" name="com.eCommerce.testCases.TT" time="0.011" errors="0" timestamp="2025-01-21T12:22:40 IST" skipped="0">
  <testcase classname="com.eCommerce.testCases.TT" name="c" time="0.011"/>
</testsuite> <!-- com.eCommerce.testCases.TT -->
