<?xml version="1.0" encoding="UTF-8"?>
<!-- Generated by org.testng.reporters.JUnitReportReporter -->
<testsuite hostname="OITS-2100227" failures="0" tests="1" name="com.eCommerce.testCases.TC_Menu" time="7.445" errors="0" timestamp="03 Feb 2025 04:51:05 GMT" skipped="0">
  <testcase classname="com.eCommerce.testCases.TC_Menu" name="menuCount" time="7.445"/>
</testsuite> <!-- com.eCommerce.testCases.TC_Menu -->
